Performing C SOURCE FILE Test CMAKE_HAVE_LIBC_PTHREAD failed with the following output:
Change Dir: /mnt/c/Users/Daria/source/repos/Server/out/build/WSL-GCC-Debug/CMakeFiles/CMakeTmp

Run Build Command(s):/usr/bin/make cmTC_cab0c/fast && /usr/bin/make  -f CMakeFiles/cmTC_cab0c.dir/build.make CMakeFiles/cmTC_cab0c.dir/build
make[1]: Entering directory '/mnt/c/Users/Daria/source/repos/Server/out/build/WSL-GCC-Debug/CMakeFiles/CMakeTmp'
Building C object CMakeFiles/cmTC_cab0c.dir/src.c.o
/usr/bin/cc -DCMAKE_HAVE_LIBC_PTHREAD   -o CMakeFiles/cmTC_cab0c.dir/src.c.o -c /mnt/c/Users/Daria/source/repos/Server/out/build/WSL-GCC-Debug/CMakeFiles/CMakeTmp/src.c
Linking C executable cmTC_cab0c
/home/daria/.vs/cmake/bin/cmake -E cmake_link_script CMakeFiles/cmTC_cab0c.dir/link.txt --verbose=1
/usr/bin/cc CMakeFiles/cmTC_cab0c.dir/src.c.o -o cmTC_cab0c 
CMakeFiles/cmTC_cab0c.dir/src.c.o: In function `main':
src.c:(.text+0x3e): undefined reference to `pthread_create'
src.c:(.text+0x4a): undefined reference to `pthread_detach'
src.c:(.text+0x56): undefined reference to `pthread_cancel'
src.c:(.text+0x67): undefined reference to `pthread_join'
src.c:(.text+0x7b): undefined reference to `pthread_atfork'
collect2: error: ld returned 1 exit status
CMakeFiles/cmTC_cab0c.dir/build.make:105: recipe for target 'cmTC_cab0c' failed
make[1]: *** [cmTC_cab0c] Error 1
make[1]: Leaving directory '/mnt/c/Users/Daria/source/repos/Server/out/build/WSL-GCC-Debug/CMakeFiles/CMakeTmp'
Makefile:140: recipe for target 'cmTC_cab0c/fast' failed
make: *** [cmTC_cab0c/fast] Error 2


Source file was:
#include <pthread.h>

static void* test_func(void* data)
{
  return data;
}

int main(void)
{
  pthread_t thread;
  pthread_create(&thread, NULL, test_func, NULL);
  pthread_detach(thread);
  pthread_cancel(thread);
  pthread_join(thread, NULL);
  pthread_atfork(NULL, NULL, NULL);
  pthread_exit(NULL);

  return 0;
}

Determining if the function pthread_create exists in the pthreads failed with the following output:
Change Dir: /mnt/c/Users/Daria/source/repos/Server/out/build/WSL-GCC-Debug/CMakeFiles/CMakeTmp

Run Build Command(s):/usr/bin/make cmTC_5d07d/fast && /usr/bin/make  -f CMakeFiles/cmTC_5d07d.dir/build.make CMakeFiles/cmTC_5d07d.dir/build
make[1]: Entering directory '/mnt/c/Users/Daria/source/repos/Server/out/build/WSL-GCC-Debug/CMakeFiles/CMakeTmp'
Building C object CMakeFiles/cmTC_5d07d.dir/CheckFunctionExists.c.o
/usr/bin/cc   -DCHECK_FUNCTION_EXISTS=pthread_create -o CMakeFiles/cmTC_5d07d.dir/CheckFunctionExists.c.o -c /home/daria/.vs/cmake/share/cmake-3.19/Modules/CheckFunctionExists.c
Linking C executable cmTC_5d07d
/home/daria/.vs/cmake/bin/cmake -E cmake_link_script CMakeFiles/cmTC_5d07d.dir/link.txt --verbose=1
/usr/bin/cc  -DCHECK_FUNCTION_EXISTS=pthread_create CMakeFiles/cmTC_5d07d.dir/CheckFunctionExists.c.o -o cmTC_5d07d  -lpthreads 
/usr/bin/ld: cannot find -lpthreads
collect2: error: ld returned 1 exit status
CMakeFiles/cmTC_5d07d.dir/build.make:105: recipe for target 'cmTC_5d07d' failed
make[1]: *** [cmTC_5d07d] Error 1
make[1]: Leaving directory '/mnt/c/Users/Daria/source/repos/Server/out/build/WSL-GCC-Debug/CMakeFiles/CMakeTmp'
Makefile:140: recipe for target 'cmTC_5d07d/fast' failed
make: *** [cmTC_5d07d/fast] Error 2



